<?xml version="1.0" encoding="UTF-8"?>
<!-- Generated by org.testng.reporters.JUnitXMLReporter -->
<testsuite ignored="0" hostname="IBM-965GDN3" failures="1" tests="1" name="Test" time="0.041" errors="0" timestamp="2024-01-03T13:55:18 IST">
  <testcase classname="com.appium.Test.TestLogin" name="TestAppium1" time="0.004">
    <failure type="java.lang.NoClassDefFoundError" message="org/openqa/selenium/Capabilities">
      <![CDATA[java.lang.NoClassDefFoundError: org/openqa/selenium/Capabilities
at com.appium.Test.TestLogin.TestAppium1(TestLogin.java:20)
at java.base/java.util.ArrayList.forEach(ArrayList.java:1541)
Caused by: java.lang.ClassNotFoundException: org.openqa.selenium.Capabilities
at java.base/jdk.internal.loader.BuiltinClassLoader.loadClass(BuiltinClassLoader.java:581)
at java.base/jdk.internal.loader.ClassLoaders$AppClassLoader.loadClass(ClassLoaders.java:178)
at java.base/java.lang.ClassLoader.loadClass(ClassLoader.java:521)
... 28 more
... Removed 26 stack frames]]>
    </failure>
  </testcase> <!-- TestAppium1 -->
</testsuite> <!-- Test -->
